<?xml version="1.0" encoding="UTF-8"?>
<!-- Generated by org.testng.reporters.JUnitReportReporter -->
<testsuite skipped="0" hostname="DESKTOP-6MAQRQ5" name="com.fba.qa.tests.DealsPageTest" tests="1" failures="0" timestamp="12 Nov 2017 04:57:36 GMT" time="69.708" errors="0">
  <testcase name="searchDealTest" time="69.708" classname="com.fba.qa.tests.DealsPageTest"/>
</testsuite> <!-- com.fba.qa.tests.DealsPageTest -->
