<?xml version="1.0" encoding="UTF-8"?>
<!-- Generated by org.testng.reporters.JUnitReportReporter -->
<testsuite skipped="0" hostname="DESKTOP-6MAQRQ5" name="com.fba.qa.tests.ContactPageTest" tests="5" failures="0" timestamp="12 Nov 2017 04:57:36 GMT" time="260.704" errors="0">
  <testcase name="checkContactsGridRow" time="57.057" classname="com.fba.qa.tests.ContactPageTest"/>
  <testcase name="validateCreateNewContact" time="56.143" classname="com.fba.qa.tests.ContactPageTest"/>
  <testcase name="goToNewContactPage" time="50.210" classname="com.fba.qa.tests.ContactPageTest"/>
  <testcase name="validateCreateNewContact" time="51.328" classname="com.fba.qa.tests.ContactPageTest"/>
  <testcase name="validateCreateNewContact" time="45.966" classname="com.fba.qa.tests.ContactPageTest"/>
</testsuite> <!-- com.fba.qa.tests.ContactPageTest -->
